<html>
<head>
<title>TestNG:  Test</title>
<link href="../testng.css" rel="stylesheet" type="text/css" />
<link href="../my-testng.css" rel="stylesheet" type="text/css" />

<style type="text/css">
.log { display: none;} 
.stack-trace { display: none;} 
</style>
<script type="text/javascript">
<!--
function flip(e) {
  current = e.style.display;
  if (current == 'block') {
    e.style.display = 'none';
    return 0;
  }
  else {
    e.style.display = 'block';
    return 1;
  }
}

function toggleBox(szDivId, elem, msg1, msg2)
{
  var res = -1;  if (document.getElementById) {
    res = flip(document.getElementById(szDivId));
  }
  else if (document.all) {
    // this is the way old msie versions work
    res = flip(document.all[szDivId]);
  }
  if(elem) {
    if(res == 0) elem.innerHTML = msg1; else elem.innerHTML = msg2;
  }

}

function toggleAllBoxes() {
  if (document.getElementsByTagName) {
    d = document.getElementsByTagName('div');
    for (i = 0; i < d.length; i++) {
      if (d[i].className == 'log') {
        flip(d[i]);
      }
    }
  }
}

// -->
</script>

</head>
<body>
<h2 align='center'>Test</h2><table border='1' align="center">
<tr>
<td>Tests passed/Failed/Skipped:</td><td>2/0/4</td>
</tr><tr>
<td>Started on:</td><td>Mon Dec 28 17:45:51 IST 2015</td>
</tr>
<tr><td>Total time:</td><td>36 seconds (36057 ms)</td>
</tr><tr>
<td>Included groups:</td><td></td>
</tr><tr>
<td>Excluded groups:</td><td></td>
</tr>
</table><p/>
<small><i>(Hover the method name to see the test class name)</i></small><p/>
<table width='100%' border='1' class='invocation-failed'>
<tr><td colspan='4' align='center'><b>FAILED CONFIGURATIONS</b></td></tr>
<tr><td><b>Test method</b></td>
<td width="30%"><b>Exception</b></td>
<td width="10%"><b>Time (seconds)</b></td>
<td><b>Instance</b></td>
</tr>
<tr>
<td title='com.shmlv3b_maven.testscript.CheckingForAllFourDeliveryTest.configBfrMtd()'><b>configBfrMtd</b><br>Test class: com.shmlv3b_maven.testscript.CheckingForAllFourDeliveryTest</td>
<td><div><pre>org.openqa.selenium.remote.UnreachableBrowserException: Error communicating with the remote browser. It may have died.
Build info: version: &apos;2.48.2&apos;, revision: &apos;41bccdd10cf2c0560f637404c2d96164b67d9d67&apos;, time: &apos;2015-10-09 13:08:06&apos;
System info: host: &apos;BishnuDas&apos;, ip: &apos;192.168.1.5&apos;, os.name: &apos;Windows 7&apos;, os.arch: &apos;amd64&apos;, os.version: &apos;6.1&apos;, java.version: &apos;1.8.0_65&apos;
Driver info: driver.version: RemoteWebDriver
	at org.openqa.selenium.remote.RemoteWebDriver.execute(RemoteWebDriver.java:641)
	at org.openqa.selenium.remote.RemoteWebDriver.get(RemoteWebDriver.java:311)
	at com.shmlv3b_maven.pageobjectRepoLib.LoginObjects.navigateToTheHomePage(LoginObjects.java:54)
	at com.shmlv3b_maven.testscript.CheckingForAllFourDeliveryTest.configBfrMtd(CheckingForAllFourDeliveryTest.java:103)
Caused by: org.apache.http.conn.HttpHostConnectException: Connect to 127.0.0.1:7055 [/127.0.0.1] failed: Connection refused: connect
	at org.apache.http.impl.conn.DefaultHttpClientConnectionOperator.connect(DefaultHttpClientConnectionOperator.java:151)
	at org.apache.http.impl.conn.PoolingHttpClientConnectionManager.connect(PoolingHttpClientConnectionManager.java:353)
	at org.apache.http.impl.execchain.MainClientExec.establishRoute(MainClientExec.java:380)
	at org.apache.http.impl.execchain.MainClientExec.execute(MainClientExec.java:236)
	at org.apache.http.impl.execchain.ProtocolExec.execute(ProtocolExec.java:184)
	at org.apache.http.impl.execchain.RetryExec.execute(RetryExec.java:88)
	at org.apache.http.impl.execchain.RedirectExec.execute(RedirectExec.java:110)
	at org.apache.http.impl.client.InternalHttpClient.doExecute(InternalHttpClient.java:184)
	at org.apache.http.impl.client.CloseableHttpClient.execute(CloseableHttpClient.java:71)
	at org.apache.http.impl.client.CloseableHttpClient.execute(CloseableHttpClient.java:55)
	at org.openqa.selenium.remote.internal.ApacheHttpClient.fallBackExecute(ApacheHttpClient.java:161)
	at org.openqa.selenium.remote.internal.ApacheHttpClient.execute(ApacheHttpClient.java:89)
	at org.openqa.selenium.remote.HttpCommandExecutor.execute(HttpCommandExecutor.java:142)
	at org.openqa.selenium.firefox.internal.NewProfileExtensionConnection.execute(NewProfileExtensionConnection.java:170)
	at org.openqa.selenium.firefox.FirefoxDriver$LazyCommandExecutor.execute(FirefoxDriver.java:380)
	at org.openqa.selenium.remote.RemoteWebDriver.execute(RemoteWebDriver.java:620)
	... 30 more
Caused by: java.net.ConnectException: Connection refused: connect
	at java.net.DualStackPlainSocketImpl.waitForConnect(Native Method)
	at java.net.DualStackPlainSocketImpl.socketConnect(DualStackPlainSocketImpl.java:85)
	at java.net.AbstractPlainSocketImpl.doConnect(AbstractPlainSocketImpl.java:350)
	at java.net.AbstractPlainSocketImpl.connectToAddress(AbstractPlainSocketImpl.java:206)
	at java.net.AbstractPlainSocketImpl.connect(AbstractPlainSocketImpl.java:188)
	at java.net.PlainSocketImpl.connect(PlainSocketImpl.java:172)
	at java.net.SocksSocketImpl.connect(SocksSocketImpl.java:392)
	at java.net.Socket.connect(Socket.java:589)
	at org.apache.http.conn.socket.PlainConnectionSocketFactory.connectSocket(PlainConnectionSocketFactory.java:74)
	at org.apache.http.impl.conn.DefaultHttpClientConnectionOperator.connect(DefaultHttpClientConnectionOperator.java:134)
	... 45 more
... Removed 27 stack frames</pre></div><a href='#' onClick='toggleBox("stack-trace1916575798", this, "Click to show all stack frames", "Click to hide stack frames")'>Click to show all stack frames</a>
<div class='stack-trace' id='stack-trace1916575798'><pre>org.openqa.selenium.remote.UnreachableBrowserException: Error communicating with the remote browser. It may have died.
Build info: version: '2.48.2', revision: '41bccdd10cf2c0560f637404c2d96164b67d9d67', time: '2015-10-09 13:08:06'
System info: host: 'BishnuDas', ip: '192.168.1.5', os.name: 'Windows 7', os.arch: 'amd64', os.version: '6.1', java.version: '1.8.0_65'
Driver info: driver.version: RemoteWebDriver
	at org.openqa.selenium.remote.RemoteWebDriver.execute(RemoteWebDriver.java:641)
	at org.openqa.selenium.remote.RemoteWebDriver.get(RemoteWebDriver.java:311)
	at com.shmlv3b_maven.pageobjectRepoLib.LoginObjects.navigateToTheHomePage(LoginObjects.java:54)
	at com.shmlv3b_maven.testscript.CheckingForAllFourDeliveryTest.configBfrMtd(CheckingForAllFourDeliveryTest.java:103)
	at sun.reflect.NativeMethodAccessorImpl.invoke0(Native Method)
	at sun.reflect.NativeMethodAccessorImpl.invoke(NativeMethodAccessorImpl.java:62)
	at sun.reflect.DelegatingMethodAccessorImpl.invoke(DelegatingMethodAccessorImpl.java:43)
	at java.lang.reflect.Method.invoke(Method.java:497)
	at org.testng.internal.MethodInvocationHelper.invokeMethod(MethodInvocationHelper.java:80)
	at org.testng.internal.Invoker.invokeConfigurationMethod(Invoker.java:525)
	at org.testng.internal.Invoker.invokeConfigurations(Invoker.java:202)
	at org.testng.internal.Invoker.invokeMethod(Invoker.java:613)
	at org.testng.internal.Invoker.invokeTestMethod(Invoker.java:842)
	at org.testng.internal.Invoker.invokeTestMethods(Invoker.java:1166)
	at org.testng.internal.TestMethodWorker.invokeTestMethods(TestMethodWorker.java:125)
	at org.testng.internal.TestMethodWorker.run(TestMethodWorker.java:109)
	at org.testng.TestRunner.runWorkers(TestRunner.java:1178)
	at org.testng.TestRunner.privateRun(TestRunner.java:757)
	at org.testng.TestRunner.run(TestRunner.java:608)
	at org.testng.SuiteRunner.runTest(SuiteRunner.java:334)
	at org.testng.SuiteRunner.runSequentially(SuiteRunner.java:329)
	at org.testng.SuiteRunner.privateRun(SuiteRunner.java:291)
	at org.testng.SuiteRunner.run(SuiteRunner.java:240)
	at org.testng.SuiteRunnerWorker.runSuite(SuiteRunnerWorker.java:52)
	at org.testng.SuiteRunnerWorker.run(SuiteRunnerWorker.java:86)
	at org.testng.TestNG.runSuitesSequentially(TestNG.java:1158)
	at org.testng.TestNG.runSuitesLocally(TestNG.java:1083)
	at org.testng.TestNG.run(TestNG.java:999)
	at org.testng.remote.RemoteTestNG.run(RemoteTestNG.java:111)
	at org.testng.remote.RemoteTestNG.initAndRun(RemoteTestNG.java:203)
	at org.testng.remote.RemoteTestNG.main(RemoteTestNG.java:174)
Caused by: org.apache.http.conn.HttpHostConnectException: Connect to 127.0.0.1:7055 [/127.0.0.1] failed: Connection refused: connect
	at org.apache.http.impl.conn.DefaultHttpClientConnectionOperator.connect(DefaultHttpClientConnectionOperator.java:151)
	at org.apache.http.impl.conn.PoolingHttpClientConnectionManager.connect(PoolingHttpClientConnectionManager.java:353)
	at org.apache.http.impl.execchain.MainClientExec.establishRoute(MainClientExec.java:380)
	at org.apache.http.impl.execchain.MainClientExec.execute(MainClientExec.java:236)
	at org.apache.http.impl.execchain.ProtocolExec.execute(ProtocolExec.java:184)
	at org.apache.http.impl.execchain.RetryExec.execute(RetryExec.java:88)
	at org.apache.http.impl.execchain.RedirectExec.execute(RedirectExec.java:110)
	at org.apache.http.impl.client.InternalHttpClient.doExecute(InternalHttpClient.java:184)
	at org.apache.http.impl.client.CloseableHttpClient.execute(CloseableHttpClient.java:71)
	at org.apache.http.impl.client.CloseableHttpClient.execute(CloseableHttpClient.java:55)
	at org.openqa.selenium.remote.internal.ApacheHttpClient.fallBackExecute(ApacheHttpClient.java:161)
	at org.openqa.selenium.remote.internal.ApacheHttpClient.execute(ApacheHttpClient.java:89)
	at org.openqa.selenium.remote.HttpCommandExecutor.execute(HttpCommandExecutor.java:142)
	at org.openqa.selenium.firefox.internal.NewProfileExtensionConnection.execute(NewProfileExtensionConnection.java:170)
	at org.openqa.selenium.firefox.FirefoxDriver$LazyCommandExecutor.execute(FirefoxDriver.java:380)
	at org.openqa.selenium.remote.RemoteWebDriver.execute(RemoteWebDriver.java:620)
	... 30 more
Caused by: java.net.ConnectException: Connection refused: connect
	at java.net.DualStackPlainSocketImpl.waitForConnect(Native Method)
	at java.net.DualStackPlainSocketImpl.socketConnect(DualStackPlainSocketImpl.java:85)
	at java.net.AbstractPlainSocketImpl.doConnect(AbstractPlainSocketImpl.java:350)
	at java.net.AbstractPlainSocketImpl.connectToAddress(AbstractPlainSocketImpl.java:206)
	at java.net.AbstractPlainSocketImpl.connect(AbstractPlainSocketImpl.java:188)
	at java.net.PlainSocketImpl.connect(PlainSocketImpl.java:172)
	at java.net.SocksSocketImpl.connect(SocksSocketImpl.java:392)
	at java.net.Socket.connect(Socket.java:589)
	at org.apache.http.conn.socket.PlainConnectionSocketFactory.connectSocket(PlainConnectionSocketFactory.java:74)
	at org.apache.http.impl.conn.DefaultHttpClientConnectionOperator.connect(DefaultHttpClientConnectionOperator.java:134)
	... 45 more
</pre></div></td>
<td>0</td>
<td>com.shmlv3b_maven.testscript.CheckingForAllFourDeliveryTest@3ac42916</td></tr>
</table><p>
<table width='100%' border='1' class='invocation-skipped'>
<tr><td colspan='4' align='center'><b>SKIPPED CONFIGURATIONS</b></td></tr>
<tr><td><b>Test method</b></td>
<td width="30%"><b>Exception</b></td>
<td width="10%"><b>Time (seconds)</b></td>
<td><b>Instance</b></td>
</tr>
<tr>
<td title='com.shmlv3b_maven.testscript.CheckingForAllFourDeliveryTest.configBfrMtd()'><b>configBfrMtd</b><br>Test class: com.shmlv3b_maven.testscript.CheckingForAllFourDeliveryTest</td>
<td></td>
<td>0</td>
<td>com.shmlv3b_maven.testscript.CheckingForAllFourDeliveryTest@3ac42916</td></tr>
<tr>
<td title='com.shmlv3b_maven.testscript.CheckingForAllFourDeliveryTest.configBfrMtd()'><b>configBfrMtd</b><br>Test class: com.shmlv3b_maven.testscript.CheckingForAllFourDeliveryTest</td>
<td></td>
<td>0</td>
<td>com.shmlv3b_maven.testscript.CheckingForAllFourDeliveryTest@3ac42916</td></tr>
<tr>
<td title='com.shmlv3b_maven.testscript.CheckingForAllFourDeliveryTest.configBfrMtd()'><b>configBfrMtd</b><br>Test class: com.shmlv3b_maven.testscript.CheckingForAllFourDeliveryTest</td>
<td></td>
<td>0</td>
<td>com.shmlv3b_maven.testscript.CheckingForAllFourDeliveryTest@3ac42916</td></tr>
<tr>
<td title='com.shmlv3b_maven.testscript.CheckingForAllFourDeliveryTest.configAfterMtd()'><b>configAfterMtd</b><br>Test class: com.shmlv3b_maven.testscript.CheckingForAllFourDeliveryTest</td>
<td></td>
<td>0</td>
<td>com.shmlv3b_maven.testscript.CheckingForAllFourDeliveryTest@3ac42916</td></tr>
<tr>
<td title='com.shmlv3b_maven.testscript.CheckingForAllFourDeliveryTest.configAfterMtd()'><b>configAfterMtd</b><br>Test class: com.shmlv3b_maven.testscript.CheckingForAllFourDeliveryTest</td>
<td></td>
<td>0</td>
<td>com.shmlv3b_maven.testscript.CheckingForAllFourDeliveryTest@3ac42916</td></tr>
<tr>
<td title='com.shmlv3b_maven.testscript.CheckingForAllFourDeliveryTest.configAfterMtd()'><b>configAfterMtd</b><br>Test class: com.shmlv3b_maven.testscript.CheckingForAllFourDeliveryTest</td>
<td></td>
<td>0</td>
<td>com.shmlv3b_maven.testscript.CheckingForAllFourDeliveryTest@3ac42916</td></tr>
<tr>
<td title='com.shmlv3b_maven.testscript.CheckingForAllFourDeliveryTest.configAfterMtd()'><b>configAfterMtd</b><br>Test class: com.shmlv3b_maven.testscript.CheckingForAllFourDeliveryTest</td>
<td></td>
<td>0</td>
<td>com.shmlv3b_maven.testscript.CheckingForAllFourDeliveryTest@3ac42916</td></tr>
<tr>
<td title='com.shmlv3b_maven.testscript.CheckingForAllFourDeliveryTest.tearDownAfterCls()'><b>tearDownAfterCls</b><br>Test class: com.shmlv3b_maven.testscript.CheckingForAllFourDeliveryTest</td>
<td></td>
<td>0</td>
<td>com.shmlv3b_maven.testscript.CheckingForAllFourDeliveryTest@3ac42916</td></tr>
</table><p>
<table width='100%' border='1' class='invocation-passed'>
<tr><td colspan='4' align='center'><b>PASSED TESTS</b></td></tr>
<tr><td><b>Test method</b></td>
<td width="30%"><b>Exception</b></td>
<td width="10%"><b>Time (seconds)</b></td>
<td><b>Instance</b></td>
</tr>
<tr>
<td title='shmlv3b_maven.DemoTest.firstMavenTest()'><b>firstMavenTest</b><br>Test class: shmlv3b_maven.DemoTest</td>
<td></td>
<td>0</td>
<td>shmlv3b_maven.DemoTest@47d384ee</td></tr>
<tr>
<td title='shmlv3b_maven.SecondTest.secondTest()'><b>secondTest</b><br>Test class: shmlv3b_maven.SecondTest</td>
<td></td>
<td>0</td>
<td>shmlv3b_maven.SecondTest@2d6a9952</td></tr>
</table><p>
<table width='100%' border='1' class='invocation-skipped'>
<tr><td colspan='4' align='center'><b>SKIPPED TESTS</b></td></tr>
<tr><td><b>Test method</b></td>
<td width="30%"><b>Exception</b></td>
<td width="10%"><b>Time (seconds)</b></td>
<td><b>Instance</b></td>
</tr>
<tr>
<td title='com.shmlv3b_maven.testscript.CheckingForAllFourDeliveryTest.checkingReceiverChooseMethod()'><b>checkingReceiverChooseMethod</b><br>Test class: com.shmlv3b_maven.testscript.CheckingForAllFourDeliveryTest</td>
<td></td>
<td>0</td>
<td>com.shmlv3b_maven.testscript.CheckingForAllFourDeliveryTest@3ac42916</td></tr>
<tr>
<td title='com.shmlv3b_maven.testscript.CheckingForAllFourDeliveryTest.checkingTheBpostDeliveryPointMethod()'><b>checkingTheBpostDeliveryPointMethod</b><br>Test class: com.shmlv3b_maven.testscript.CheckingForAllFourDeliveryTest</td>
<td></td>
<td>0</td>
<td>com.shmlv3b_maven.testscript.CheckingForAllFourDeliveryTest@3ac42916</td></tr>
<tr>
<td title='com.shmlv3b_maven.testscript.CheckingForAllFourDeliveryTest.checkingTheHomeOrOfficeDeliveryMethod()'><b>checkingTheHomeOrOfficeDeliveryMethod</b><br>Test class: com.shmlv3b_maven.testscript.CheckingForAllFourDeliveryTest</td>
<td></td>
<td>0</td>
<td>com.shmlv3b_maven.testscript.CheckingForAllFourDeliveryTest@3ac42916</td></tr>
<tr>
<td title='com.shmlv3b_maven.testscript.CheckingForAllFourDeliveryTest.checkingTheParcelLockerDeliveryMethod()'><b>checkingTheParcelLockerDeliveryMethod</b><br>Test class: com.shmlv3b_maven.testscript.CheckingForAllFourDeliveryTest</td>
<td></td>
<td>0</td>
<td>com.shmlv3b_maven.testscript.CheckingForAllFourDeliveryTest@3ac42916</td></tr>
</table><p>
</body>
</html>