<?xml version="1.0" encoding="UTF-8"?>
<testng-results skipped="0" failed="3" total="4" passed="1">
  <reporter-output>
    <line>
      <![CDATA[After downloading, the latest file name is :: bpost-label(27).pdf<br>]]>
    </line>
    <line>
      <![CDATA[The BARCODE from the web is :: 323267001689491015<br>]]>
    </line>
  </reporter-output>
  <suite name="Default suite" duration-ms="281840" started-at="2016-01-11T11:14:41Z" finished-at="2016-01-11T11:19:23Z">
    <groups>
    </groups>
    <test name="Default test" duration-ms="281840" started-at="2016-01-11T11:14:41Z" finished-at="2016-01-11T11:19:23Z">
      <class name="com.shmlv3b_maven.testscript.CheckingForAllFourDeliveryTest">
        <test-method status="PASS" signature="configBfrCls()[pri:0, instance:com.shmlv3b_maven.testscript.CheckingForAllFourDeliveryTest@282ba1e]" name="configBfrCls" is-config="true" duration-ms="10518" started-at="2016-01-11T16:44:41Z" finished-at="2016-01-11T16:44:51Z">
          <reporter-output>
          </reporter-output>
        </test-method> <!-- configBfrCls -->
        <test-method status="PASS" signature="configBfrMtd()[pri:0, instance:com.shmlv3b_maven.testscript.CheckingForAllFourDeliveryTest@282ba1e]" name="configBfrMtd" is-config="true" duration-ms="10186" started-at="2016-01-11T16:44:51Z" finished-at="2016-01-11T16:45:01Z">
          <reporter-output>
          </reporter-output>
        </test-method> <!-- configBfrMtd -->
        <test-method status="PASS" signature="checkingTheHomeOrOfficeDeliveryMethod()[pri:0, instance:com.shmlv3b_maven.testscript.CheckingForAllFourDeliveryTest@282ba1e]" name="checkingTheHomeOrOfficeDeliveryMethod" duration-ms="101857" started-at="2016-01-11T16:45:01Z" finished-at="2016-01-11T16:46:43Z">
          <reporter-output>
            <line>
              <![CDATA[After downloading, the latest file name is :: bpost-label(27).pdf<br>]]>
            </line>
            <line>
              <![CDATA[The BARCODE from the web is :: 323267001689491015<br>]]>
            </line>
          </reporter-output>
        </test-method> <!-- checkingTheHomeOrOfficeDeliveryMethod -->
        <test-method status="PASS" signature="configAfterMtd(org.testng.ITestResult)[pri:0, instance:com.shmlv3b_maven.testscript.CheckingForAllFourDeliveryTest@282ba1e]" name="configAfterMtd" is-config="true" duration-ms="4318" started-at="2016-01-11T16:46:43Z" finished-at="2016-01-11T16:46:48Z">
          <params>
            <param index="0">
              <value>
                <![CDATA[[TestResult: checkingTheHomeOrOfficeDeliveryMethod STATUS:SUCCESS METHOD:CheckingForAllFourDeliveryTest.checkingTheHomeOrOfficeDeliveryMethod()[pri:0, instance:com.shmlv3b_maven.testscript.CheckingForAllFourDeliveryTest@282ba1e]After downloading, the latest file name is :: bpost-label(27).pdf<br>]]>
              </value>
            </param>
          </params>
          <reporter-output>
          </reporter-output>
        </test-method> <!-- configAfterMtd -->
        <test-method status="PASS" signature="configBfrMtd()[pri:0, instance:com.shmlv3b_maven.testscript.CheckingForAllFourDeliveryTest@282ba1e]" name="configBfrMtd" is-config="true" duration-ms="5733" started-at="2016-01-11T16:46:48Z" finished-at="2016-01-11T16:46:53Z">
          <reporter-output>
          </reporter-output>
        </test-method> <!-- configBfrMtd -->
        <test-method status="FAIL" signature="checkingTheParcelLockerDeliveryMethod()[pri:0, instance:com.shmlv3b_maven.testscript.CheckingForAllFourDeliveryTest@282ba1e]" name="checkingTheParcelLockerDeliveryMethod" duration-ms="31460" started-at="2016-01-11T16:46:53Z" finished-at="2016-01-11T16:47:25Z">
          <exception class="org.openqa.selenium.NoSuchElementException">
            <message>
              <![CDATA[Unable to locate element: {"method":"xpath","selector":"//span[text()='Parcel locker delivery']"}
Command duration or timeout: 30.09 seconds
For documentation on this error, please visit: http://seleniumhq.org/exceptions/no_such_element.html
Build info: version: '2.48.2', revision: '41bccdd10cf2c0560f637404c2d96164b67d9d67', time: '2015-10-09 13:08:06'
System info: host: 'BishnuDas', ip: '192.168.1.19', os.name: 'Windows 7', os.arch: 'amd64', os.version: '6.1', java.version: '1.8.0_65'
Driver info: org.openqa.selenium.firefox.FirefoxDriver
Capabilities [{applicationCacheEnabled=true, rotatable=false, handlesAlerts=true, databaseEnabled=true, version=37.0.2, platform=WINDOWS, nativeEvents=false, acceptSslCerts=true, webStorageEnabled=true, locationContextEnabled=true, browserName=firefox, takesScreenshot=true, javascriptEnabled=true, cssSelectorsEnabled=true}]
Session ID: 17dbf553-757b-41fe-8c03-2a4de29bb939
*** Element info: {Using=xpath, value=//span[text()='Parcel locker delivery']}]]>
            </message>
            <full-stacktrace>
              <![CDATA[org.openqa.selenium.NoSuchElementException: Unable to locate element: {"method":"xpath","selector":"//span[text()='Parcel locker delivery']"}
Command duration or timeout: 30.09 seconds
For documentation on this error, please visit: http://seleniumhq.org/exceptions/no_such_element.html
Build info: version: '2.48.2', revision: '41bccdd10cf2c0560f637404c2d96164b67d9d67', time: '2015-10-09 13:08:06'
System info: host: 'BishnuDas', ip: '192.168.1.19', os.name: 'Windows 7', os.arch: 'amd64', os.version: '6.1', java.version: '1.8.0_65'
Driver info: org.openqa.selenium.firefox.FirefoxDriver
Capabilities [{applicationCacheEnabled=true, rotatable=false, handlesAlerts=true, databaseEnabled=true, version=37.0.2, platform=WINDOWS, nativeEvents=false, acceptSslCerts=true, webStorageEnabled=true, locationContextEnabled=true, browserName=firefox, takesScreenshot=true, javascriptEnabled=true, cssSelectorsEnabled=true}]
Session ID: 17dbf553-757b-41fe-8c03-2a4de29bb939
*** Element info: {Using=xpath, value=//span[text()='Parcel locker delivery']}
	at sun.reflect.NativeConstructorAccessorImpl.newInstance0(Native Method)
	at sun.reflect.NativeConstructorAccessorImpl.newInstance(NativeConstructorAccessorImpl.java:62)
	at sun.reflect.DelegatingConstructorAccessorImpl.newInstance(DelegatingConstructorAccessorImpl.java:45)
	at java.lang.reflect.Constructor.newInstance(Constructor.java:422)
	at org.openqa.selenium.remote.ErrorHandler.createThrowable(ErrorHandler.java:206)
	at org.openqa.selenium.remote.ErrorHandler.throwIfResponseFailed(ErrorHandler.java:158)
	at org.openqa.selenium.remote.RemoteWebDriver.execute(RemoteWebDriver.java:647)
	at org.openqa.selenium.remote.RemoteWebDriver.findElement(RemoteWebDriver.java:353)
	at org.openqa.selenium.remote.RemoteWebDriver.findElementByXPath(RemoteWebDriver.java:490)
	at org.openqa.selenium.By$ByXPath.findElement(By.java:361)
	at org.openqa.selenium.remote.RemoteWebDriver.findElement(RemoteWebDriver.java:345)
	at org.openqa.selenium.support.pagefactory.DefaultElementLocator.findElement(DefaultElementLocator.java:69)
	at org.openqa.selenium.support.pagefactory.internal.LocatingElementHandler.invoke(LocatingElementHandler.java:38)
	at com.sun.proxy.$Proxy8.click(Unknown Source)
	at com.shmlv3b_maven.pageobjectRepoLib.ParcelLockerDeliveryObjects.performOperationOn_createlabelPage(ParcelLockerDeliveryObjects.java:54)
	at com.shmlv3b_maven.testscript.CheckingForAllFourDeliveryTest.checkingTheParcelLockerDeliveryMethod(CheckingForAllFourDeliveryTest.java:493)
	at sun.reflect.NativeMethodAccessorImpl.invoke0(Native Method)
	at sun.reflect.NativeMethodAccessorImpl.invoke(NativeMethodAccessorImpl.java:62)
	at sun.reflect.DelegatingMethodAccessorImpl.invoke(DelegatingMethodAccessorImpl.java:43)
	at java.lang.reflect.Method.invoke(Method.java:497)
	at org.testng.internal.MethodInvocationHelper.invokeMethod(MethodInvocationHelper.java:80)
	at org.testng.internal.Invoker.invokeMethod(Invoker.java:715)
	at org.testng.internal.Invoker.invokeTestMethod(Invoker.java:907)
	at org.testng.internal.Invoker.invokeTestMethods(Invoker.java:1237)
	at org.testng.internal.TestMethodWorker.invokeTestMethods(TestMethodWorker.java:127)
	at org.testng.internal.TestMethodWorker.run(TestMethodWorker.java:111)
	at org.testng.TestRunner.privateRun(TestRunner.java:767)
	at org.testng.TestRunner.run(TestRunner.java:617)
	at org.testng.SuiteRunner.runTest(SuiteRunner.java:334)
	at org.testng.SuiteRunner.runSequentially(SuiteRunner.java:329)
	at org.testng.SuiteRunner.privateRun(SuiteRunner.java:291)
	at org.testng.SuiteRunner.run(SuiteRunner.java:240)
	at org.testng.SuiteRunnerWorker.runSuite(SuiteRunnerWorker.java:51)
	at org.testng.SuiteRunnerWorker.run(SuiteRunnerWorker.java:85)
	at org.testng.TestNG.runSuitesSequentially(TestNG.java:1197)
	at org.testng.TestNG.runSuitesLocally(TestNG.java:1122)
	at org.testng.TestNG.run(TestNG.java:1030)
	at org.testng.remote.RemoteTestNG.run(RemoteTestNG.java:111)
	at org.testng.remote.RemoteTestNG.initAndRun(RemoteTestNG.java:204)
	at org.testng.remote.RemoteTestNG.main(RemoteTestNG.java:175)
Caused by: org.openqa.selenium.NoSuchElementException: Unable to locate element: {"method":"xpath","selector":"//span[text()='Parcel locker delivery']"}
For documentation on this error, please visit: http://seleniumhq.org/exceptions/no_such_element.html
Build info: version: '2.48.2', revision: '41bccdd10cf2c0560f637404c2d96164b67d9d67', time: '2015-10-09 13:08:06'
System info: host: 'BishnuDas', ip: '192.168.1.19', os.name: 'Windows 7', os.arch: 'amd64', os.version: '6.1', java.version: '1.8.0_65'
Driver info: driver.version: unknown
	at <anonymous class>.FirefoxDriver.prototype.findElementInternal_(file:///C:/Users/Saroj/AppData/Local/Temp/anonymous2234380313470578560webdriver-profile/extensions/fxdriver@googlecode.com/components/driver-component.js:10659)
	at <anonymous class>.fxdriver.Timer.prototype.setTimeout/<.notify(file:///C:/Users/Saroj/AppData/Local/Temp/anonymous2234380313470578560webdriver-profile/extensions/fxdriver@googlecode.com/components/driver-component.js:621)
]]>
            </full-stacktrace>
          </exception> <!-- org.openqa.selenium.NoSuchElementException -->
          <reporter-output>
          </reporter-output>
        </test-method> <!-- checkingTheParcelLockerDeliveryMethod -->
        <test-method status="PASS" signature="configAfterMtd(org.testng.ITestResult)[pri:0, instance:com.shmlv3b_maven.testscript.CheckingForAllFourDeliveryTest@282ba1e]" name="configAfterMtd" is-config="true" duration-ms="4733" started-at="2016-01-11T16:47:25Z" finished-at="2016-01-11T16:47:29Z">
          <params>
            <param index="0">
              <value>
                <![CDATA[[TestResult: checkingTheParcelLockerDeliveryMethod STATUS:FAILURE METHOD:CheckingForAllFourDeliveryTest.checkingTheParcelLockerDeliveryMethod()[pri:0, instance:com.shmlv3b_maven.testscript.CheckingForAllFourDeliveryTest@282ba1e]]
]]>
              </value>
            </param>
          </params>
          <reporter-output>
          </reporter-output>
        </test-method> <!-- configAfterMtd -->
        <test-method status="PASS" signature="configBfrMtd()[pri:0, instance:com.shmlv3b_maven.testscript.CheckingForAllFourDeliveryTest@282ba1e]" name="configBfrMtd" is-config="true" duration-ms="5705" started-at="2016-01-11T16:47:29Z" finished-at="2016-01-11T16:47:35Z">
          <reporter-output>
          </reporter-output>
        </test-method> <!-- configBfrMtd -->
        <test-method status="FAIL" signature="checkingTheBpostDeliveryPointMethod()[pri:0, instance:com.shmlv3b_maven.testscript.CheckingForAllFourDeliveryTest@282ba1e]" name="checkingTheBpostDeliveryPointMethod" duration-ms="51541" started-at="2016-01-11T16:47:35Z" finished-at="2016-01-11T16:48:27Z">
          <exception class="org.openqa.selenium.ElementNotVisibleException">
            <message>
              <![CDATA[Element is not currently visible and so may not be interacted with
Command duration or timeout: 30.03 seconds
Build info: version: '2.48.2', revision: '41bccdd10cf2c0560f637404c2d96164b67d9d67', time: '2015-10-09 13:08:06'
System info: host: 'BishnuDas', ip: '192.168.1.19', os.name: 'Windows 7', os.arch: 'amd64', os.version: '6.1', java.version: '1.8.0_65'
Driver info: org.openqa.selenium.firefox.FirefoxDriver
Capabilities [{applicationCacheEnabled=true, rotatable=false, handlesAlerts=true, databaseEnabled=true, version=37.0.2, platform=WINDOWS, nativeEvents=false, acceptSslCerts=true, webStorageEnabled=true, locationContextEnabled=true, browserName=firefox, takesScreenshot=true, javascriptEnabled=true, cssSelectorsEnabled=true}]
Session ID: 17dbf553-757b-41fe-8c03-2a4de29bb939]]>
            </message>
            <full-stacktrace>
              <![CDATA[org.openqa.selenium.ElementNotVisibleException: Element is not currently visible and so may not be interacted with
Command duration or timeout: 30.03 seconds
Build info: version: '2.48.2', revision: '41bccdd10cf2c0560f637404c2d96164b67d9d67', time: '2015-10-09 13:08:06'
System info: host: 'BishnuDas', ip: '192.168.1.19', os.name: 'Windows 7', os.arch: 'amd64', os.version: '6.1', java.version: '1.8.0_65'
Driver info: org.openqa.selenium.firefox.FirefoxDriver
Capabilities [{applicationCacheEnabled=true, rotatable=false, handlesAlerts=true, databaseEnabled=true, version=37.0.2, platform=WINDOWS, nativeEvents=false, acceptSslCerts=true, webStorageEnabled=true, locationContextEnabled=true, browserName=firefox, takesScreenshot=true, javascriptEnabled=true, cssSelectorsEnabled=true}]
Session ID: 17dbf553-757b-41fe-8c03-2a4de29bb939
	at sun.reflect.NativeConstructorAccessorImpl.newInstance0(Native Method)
	at sun.reflect.NativeConstructorAccessorImpl.newInstance(NativeConstructorAccessorImpl.java:62)
	at sun.reflect.DelegatingConstructorAccessorImpl.newInstance(DelegatingConstructorAccessorImpl.java:45)
	at java.lang.reflect.Constructor.newInstance(Constructor.java:422)
	at org.openqa.selenium.remote.ErrorHandler.createThrowable(ErrorHandler.java:206)
	at org.openqa.selenium.remote.ErrorHandler.throwIfResponseFailed(ErrorHandler.java:158)
	at org.openqa.selenium.remote.RemoteWebDriver.execute(RemoteWebDriver.java:647)
	at org.openqa.selenium.remote.RemoteWebElement.execute(RemoteWebElement.java:326)
	at org.openqa.selenium.remote.RemoteWebElement.click(RemoteWebElement.java:84)
	at sun.reflect.GeneratedMethodAccessor2.invoke(Unknown Source)
	at sun.reflect.DelegatingMethodAccessorImpl.invoke(DelegatingMethodAccessorImpl.java:43)
	at java.lang.reflect.Method.invoke(Method.java:497)
	at org.openqa.selenium.support.pagefactory.internal.LocatingElementHandler.invoke(LocatingElementHandler.java:51)
	at com.sun.proxy.$Proxy8.click(Unknown Source)
	at com.shmlv3b_maven.pageobjectRepoLib.HomeOrOfficeDeliveryObjects.performOperationOn_senderPage(HomeOrOfficeDeliveryObjects.java:236)
	at com.shmlv3b_maven.testscript.CheckingForAllFourDeliveryTest.checkingTheBpostDeliveryPointMethod(CheckingForAllFourDeliveryTest.java:708)
	at sun.reflect.NativeMethodAccessorImpl.invoke0(Native Method)
	at sun.reflect.NativeMethodAccessorImpl.invoke(NativeMethodAccessorImpl.java:62)
	at sun.reflect.DelegatingMethodAccessorImpl.invoke(DelegatingMethodAccessorImpl.java:43)
	at java.lang.reflect.Method.invoke(Method.java:497)
	at org.testng.internal.MethodInvocationHelper.invokeMethod(MethodInvocationHelper.java:80)
	at org.testng.internal.Invoker.invokeMethod(Invoker.java:715)
	at org.testng.internal.Invoker.invokeTestMethod(Invoker.java:907)
	at org.testng.internal.Invoker.invokeTestMethods(Invoker.java:1237)
	at org.testng.internal.TestMethodWorker.invokeTestMethods(TestMethodWorker.java:127)
	at org.testng.internal.TestMethodWorker.run(TestMethodWorker.java:111)
	at org.testng.TestRunner.privateRun(TestRunner.java:767)
	at org.testng.TestRunner.run(TestRunner.java:617)
	at org.testng.SuiteRunner.runTest(SuiteRunner.java:334)
	at org.testng.SuiteRunner.runSequentially(SuiteRunner.java:329)
	at org.testng.SuiteRunner.privateRun(SuiteRunner.java:291)
	at org.testng.SuiteRunner.run(SuiteRunner.java:240)
	at org.testng.SuiteRunnerWorker.runSuite(SuiteRunnerWorker.java:51)
	at org.testng.SuiteRunnerWorker.run(SuiteRunnerWorker.java:85)
	at org.testng.TestNG.runSuitesSequentially(TestNG.java:1197)
	at org.testng.TestNG.runSuitesLocally(TestNG.java:1122)
	at org.testng.TestNG.run(TestNG.java:1030)
	at org.testng.remote.RemoteTestNG.run(RemoteTestNG.java:111)
	at org.testng.remote.RemoteTestNG.initAndRun(RemoteTestNG.java:204)
	at org.testng.remote.RemoteTestNG.main(RemoteTestNG.java:175)
Caused by: org.openqa.selenium.ElementNotVisibleException: Element is not currently visible and so may not be interacted with
Build info: version: '2.48.2', revision: '41bccdd10cf2c0560f637404c2d96164b67d9d67', time: '2015-10-09 13:08:06'
System info: host: 'BishnuDas', ip: '192.168.1.19', os.name: 'Windows 7', os.arch: 'amd64', os.version: '6.1', java.version: '1.8.0_65'
Driver info: driver.version: unknown
	at <anonymous class>.fxdriver.preconditions.visible(file:///C:/Users/Saroj/AppData/Local/Temp/anonymous2234380313470578560webdriver-profile/extensions/fxdriver@googlecode.com/components/command-processor.js:9981)
	at <anonymous class>.DelayedCommand.prototype.checkPreconditions_(file:///C:/Users/Saroj/AppData/Local/Temp/anonymous2234380313470578560webdriver-profile/extensions/fxdriver@googlecode.com/components/command-processor.js:12517)
	at <anonymous class>.DelayedCommand.prototype.executeInternal_/h(file:///C:/Users/Saroj/AppData/Local/Temp/anonymous2234380313470578560webdriver-profile/extensions/fxdriver@googlecode.com/components/command-processor.js:12534)
	at <anonymous class>.fxdriver.Timer.prototype.setTimeout/<.notify(file:///C:/Users/Saroj/AppData/Local/Temp/anonymous2234380313470578560webdriver-profile/extensions/fxdriver@googlecode.com/components/command-processor.js:621)
]]>
            </full-stacktrace>
          </exception> <!-- org.openqa.selenium.ElementNotVisibleException -->
          <reporter-output>
          </reporter-output>
        </test-method> <!-- checkingTheBpostDeliveryPointMethod -->
        <test-method status="PASS" signature="configAfterMtd(org.testng.ITestResult)[pri:0, instance:com.shmlv3b_maven.testscript.CheckingForAllFourDeliveryTest@282ba1e]" name="configAfterMtd" is-config="true" duration-ms="4817" started-at="2016-01-11T16:48:27Z" finished-at="2016-01-11T16:48:32Z">
          <params>
            <param index="0">
              <value>
                <![CDATA[[TestResult: checkingTheBpostDeliveryPointMethod STATUS:FAILURE METHOD:CheckingForAllFourDeliveryTest.checkingTheBpostDeliveryPointMethod()[pri:0, instance:com.shmlv3b_maven.testscript.CheckingForAllFourDeliveryTest@282ba1e]]
]]>
              </value>
            </param>
          </params>
          <reporter-output>
          </reporter-output>
        </test-method> <!-- configAfterMtd -->
        <test-method status="PASS" signature="configBfrMtd()[pri:0, instance:com.shmlv3b_maven.testscript.CheckingForAllFourDeliveryTest@282ba1e]" name="configBfrMtd" is-config="true" duration-ms="5698" started-at="2016-01-11T16:48:32Z" finished-at="2016-01-11T16:48:37Z">
          <reporter-output>
          </reporter-output>
        </test-method> <!-- configBfrMtd -->
        <test-method status="FAIL" signature="checkingReceiverChooseMethod()[pri:0, instance:com.shmlv3b_maven.testscript.CheckingForAllFourDeliveryTest@282ba1e]" name="checkingReceiverChooseMethod" duration-ms="40486" started-at="2016-01-11T16:48:37Z" finished-at="2016-01-11T16:49:18Z">
          <exception class="org.openqa.selenium.NoSuchElementException">
            <message>
              <![CDATA[Unable to locate element: {"method":"id","selector":"edit-name"}
Command duration or timeout: 30.10 seconds
For documentation on this error, please visit: http://seleniumhq.org/exceptions/no_such_element.html
Build info: version: '2.48.2', revision: '41bccdd10cf2c0560f637404c2d96164b67d9d67', time: '2015-10-09 13:08:06'
System info: host: 'BishnuDas', ip: '192.168.1.19', os.name: 'Windows 7', os.arch: 'amd64', os.version: '6.1', java.version: '1.8.0_65'
Driver info: org.openqa.selenium.firefox.FirefoxDriver
Capabilities [{applicationCacheEnabled=true, rotatable=false, handlesAlerts=true, databaseEnabled=true, version=37.0.2, platform=WINDOWS, nativeEvents=false, acceptSslCerts=true, webStorageEnabled=true, locationContextEnabled=true, browserName=firefox, takesScreenshot=true, javascriptEnabled=true, cssSelectorsEnabled=true}]
Session ID: 17dbf553-757b-41fe-8c03-2a4de29bb939
*** Element info: {Using=id, value=edit-name}]]>
            </message>
            <full-stacktrace>
              <![CDATA[org.openqa.selenium.NoSuchElementException: Unable to locate element: {"method":"id","selector":"edit-name"}
Command duration or timeout: 30.10 seconds
For documentation on this error, please visit: http://seleniumhq.org/exceptions/no_such_element.html
Build info: version: '2.48.2', revision: '41bccdd10cf2c0560f637404c2d96164b67d9d67', time: '2015-10-09 13:08:06'
System info: host: 'BishnuDas', ip: '192.168.1.19', os.name: 'Windows 7', os.arch: 'amd64', os.version: '6.1', java.version: '1.8.0_65'
Driver info: org.openqa.selenium.firefox.FirefoxDriver
Capabilities [{applicationCacheEnabled=true, rotatable=false, handlesAlerts=true, databaseEnabled=true, version=37.0.2, platform=WINDOWS, nativeEvents=false, acceptSslCerts=true, webStorageEnabled=true, locationContextEnabled=true, browserName=firefox, takesScreenshot=true, javascriptEnabled=true, cssSelectorsEnabled=true}]
Session ID: 17dbf553-757b-41fe-8c03-2a4de29bb939
*** Element info: {Using=id, value=edit-name}
	at sun.reflect.NativeConstructorAccessorImpl.newInstance0(Native Method)
	at sun.reflect.NativeConstructorAccessorImpl.newInstance(NativeConstructorAccessorImpl.java:62)
	at sun.reflect.DelegatingConstructorAccessorImpl.newInstance(DelegatingConstructorAccessorImpl.java:45)
	at java.lang.reflect.Constructor.newInstance(Constructor.java:422)
	at org.openqa.selenium.remote.ErrorHandler.createThrowable(ErrorHandler.java:206)
	at org.openqa.selenium.remote.ErrorHandler.throwIfResponseFailed(ErrorHandler.java:158)
	at org.openqa.selenium.remote.RemoteWebDriver.execute(RemoteWebDriver.java:647)
	at org.openqa.selenium.remote.RemoteWebDriver.findElement(RemoteWebDriver.java:353)
	at org.openqa.selenium.remote.RemoteWebDriver.findElementById(RemoteWebDriver.java:403)
	at org.openqa.selenium.By$ById.findElement(By.java:218)
	at org.openqa.selenium.remote.RemoteWebDriver.findElement(RemoteWebDriver.java:345)
	at org.openqa.selenium.support.pagefactory.DefaultElementLocator.findElement(DefaultElementLocator.java:69)
	at org.openqa.selenium.support.pagefactory.internal.LocatingElementHandler.invoke(LocatingElementHandler.java:38)
	at com.sun.proxy.$Proxy8.sendKeys(Unknown Source)
	at com.shmlv3b_maven.pageobjectRepoLib.LetReceiverChooseTheMethodObjects.performOperation_onDestinationPage(LetReceiverChooseTheMethodObjects.java:87)
	at com.shmlv3b_maven.testscript.CheckingForAllFourDeliveryTest.checkingReceiverChooseMethod(CheckingForAllFourDeliveryTest.java:890)
	at sun.reflect.NativeMethodAccessorImpl.invoke0(Native Method)
	at sun.reflect.NativeMethodAccessorImpl.invoke(NativeMethodAccessorImpl.java:62)
	at sun.reflect.DelegatingMethodAccessorImpl.invoke(DelegatingMethodAccessorImpl.java:43)
	at java.lang.reflect.Method.invoke(Method.java:497)
	at org.testng.internal.MethodInvocationHelper.invokeMethod(MethodInvocationHelper.java:80)
	at org.testng.internal.Invoker.invokeMethod(Invoker.java:715)
	at org.testng.internal.Invoker.invokeTestMethod(Invoker.java:907)
	at org.testng.internal.Invoker.invokeTestMethods(Invoker.java:1237)
	at org.testng.internal.TestMethodWorker.invokeTestMethods(TestMethodWorker.java:127)
	at org.testng.internal.TestMethodWorker.run(TestMethodWorker.java:111)
	at org.testng.TestRunner.privateRun(TestRunner.java:767)
	at org.testng.TestRunner.run(TestRunner.java:617)
	at org.testng.SuiteRunner.runTest(SuiteRunner.java:334)
	at org.testng.SuiteRunner.runSequentially(SuiteRunner.java:329)
	at org.testng.SuiteRunner.privateRun(SuiteRunner.java:291)
	at org.testng.SuiteRunner.run(SuiteRunner.java:240)
	at org.testng.SuiteRunnerWorker.runSuite(SuiteRunnerWorker.java:51)
	at org.testng.SuiteRunnerWorker.run(SuiteRunnerWorker.java:85)
	at org.testng.TestNG.runSuitesSequentially(TestNG.java:1197)
	at org.testng.TestNG.runSuitesLocally(TestNG.java:1122)
	at org.testng.TestNG.run(TestNG.java:1030)
	at org.testng.remote.RemoteTestNG.run(RemoteTestNG.java:111)
	at org.testng.remote.RemoteTestNG.initAndRun(RemoteTestNG.java:204)
	at org.testng.remote.RemoteTestNG.main(RemoteTestNG.java:175)
Caused by: org.openqa.selenium.NoSuchElementException: Unable to locate element: {"method":"id","selector":"edit-name"}
For documentation on this error, please visit: http://seleniumhq.org/exceptions/no_such_element.html
Build info: version: '2.48.2', revision: '41bccdd10cf2c0560f637404c2d96164b67d9d67', time: '2015-10-09 13:08:06'
System info: host: 'BishnuDas', ip: '192.168.1.19', os.name: 'Windows 7', os.arch: 'amd64', os.version: '6.1', java.version: '1.8.0_65'
Driver info: driver.version: unknown
	at <anonymous class>.FirefoxDriver.prototype.findElementInternal_(file:///C:/Users/Saroj/AppData/Local/Temp/anonymous2234380313470578560webdriver-profile/extensions/fxdriver@googlecode.com/components/driver-component.js:10659)
	at <anonymous class>.fxdriver.Timer.prototype.setTimeout/<.notify(file:///C:/Users/Saroj/AppData/Local/Temp/anonymous2234380313470578560webdriver-profile/extensions/fxdriver@googlecode.com/components/driver-component.js:621)
]]>
            </full-stacktrace>
          </exception> <!-- org.openqa.selenium.NoSuchElementException -->
          <reporter-output>
          </reporter-output>
        </test-method> <!-- checkingReceiverChooseMethod -->
        <test-method status="PASS" signature="configAfterMtd(org.testng.ITestResult)[pri:0, instance:com.shmlv3b_maven.testscript.CheckingForAllFourDeliveryTest@282ba1e]" name="configAfterMtd" is-config="true" duration-ms="4756" started-at="2016-01-11T16:49:18Z" finished-at="2016-01-11T16:49:23Z">
          <params>
            <param index="0">
              <value>
                <![CDATA[[TestResult: checkingReceiverChooseMethod STATUS:FAILURE METHOD:CheckingForAllFourDeliveryTest.checkingReceiverChooseMethod()[pri:0, instance:com.shmlv3b_maven.testscript.CheckingForAllFourDeliveryTest@282ba1e]]
]]>
              </value>
            </param>
          </params>
          <reporter-output>
          </reporter-output>
        </test-method> <!-- configAfterMtd -->
        <test-method status="PASS" signature="tearDownAfterCls()[pri:0, instance:com.shmlv3b_maven.testscript.CheckingForAllFourDeliveryTest@282ba1e]" name="tearDownAfterCls" is-config="true" duration-ms="1" started-at="2016-01-11T16:49:23Z" finished-at="2016-01-11T16:49:23Z">
          <reporter-output>
          </reporter-output>
        </test-method> <!-- tearDownAfterCls -->
      </class> <!-- com.shmlv3b_maven.testscript.CheckingForAllFourDeliveryTest -->
    </test> <!-- Default test -->
  </suite> <!-- Default suite -->
</testng-results>
